<?xml version="1.0" encoding="UTF-8"?>
<testng-results skipped="0" failed="1" ignored="2" total="4" passed="1">
  <reporter-output>
  </reporter-output>
  <suite name="Suite" duration-ms="93698" started-at="2022-08-03T09:18:26Z" finished-at="2022-08-03T09:19:59Z">
    <groups>
    </groups>
    <test name="Test" duration-ms="93698" started-at="2022-08-03T09:18:26Z" finished-at="2022-08-03T09:19:59Z">
      <class name="vertex.CD.testcases.LoginPageTest">
        <test-method status="PASS" signature="setup()[pri:0, instance:vertex.CD.testcases.LoginPageTest@4667ae56]" name="setup" is-config="true" duration-ms="29819" started-at="2022-08-03T09:18:26Z" finished-at="2022-08-03T09:18:56Z">
          <reporter-output>
          </reporter-output>
        </test-method> <!-- setup -->
        <test-method status="FAIL" signature="loginTestDDT(java.lang.String, java.lang.String)[pri:1, instance:vertex.CD.testcases.LoginPageTest@4667ae56]" name="loginTestDDT" duration-ms="1505" started-at="2022-08-03T09:18:56Z" data-provider="LoginData" finished-at="2022-08-03T09:18:57Z">
          <params>
            <param index="0">
              <value>
                <![CDATA[mngr164225]]>
              </value>
            </param>
            <param index="1">
              <value>
                <![CDATA[jahetAp]]>
              </value>
            </param>
          </params>
          <exception class="java.lang.AssertionError">
            <message>
              <![CDATA[expected [false] but found [true]]]>
            </message>
            <full-stacktrace>
              <![CDATA[java.lang.AssertionError: expected [false] but found [true]
at org.testng.Assert.fail(Assert.java:96)
at org.testng.Assert.failNotEquals(Assert.java:776)
at org.testng.Assert.assertFalse(Assert.java:65)
at org.testng.Assert.assertFalse(Assert.java:75)
at vertex.CD.testcases.LoginPageTest.loginTestDDT(LoginPageTest.java:97)
at sun.reflect.NativeMethodAccessorImpl.invoke0(Native Method)
at sun.reflect.NativeMethodAccessorImpl.invoke(Unknown Source)
at sun.reflect.DelegatingMethodAccessorImpl.invoke(Unknown Source)
at java.lang.reflect.Method.invoke(Unknown Source)
at org.testng.internal.MethodInvocationHelper.invokeMethod(MethodInvocationHelper.java:124)
at org.testng.internal.Invoker.invokeMethod(Invoker.java:583)
at org.testng.internal.Invoker.invokeTestMethod(Invoker.java:719)
at org.testng.internal.Invoker.invokeTestMethods(Invoker.java:989)
at org.testng.internal.TestMethodWorker.invokeTestMethods(TestMethodWorker.java:125)
at org.testng.internal.TestMethodWorker.run(TestMethodWorker.java:109)
at org.testng.TestRunner.privateRun(TestRunner.java:648)
at org.testng.TestRunner.run(TestRunner.java:505)
at org.testng.SuiteRunner.runTest(SuiteRunner.java:455)
at org.testng.SuiteRunner.runSequentially(SuiteRunner.java:450)
at org.testng.SuiteRunner.privateRun(SuiteRunner.java:415)
at org.testng.SuiteRunner.run(SuiteRunner.java:364)
at org.testng.SuiteRunnerWorker.runSuite(SuiteRunnerWorker.java:52)
at org.testng.SuiteRunnerWorker.run(SuiteRunnerWorker.java:84)
at org.testng.TestNG.runSuitesSequentially(TestNG.java:1208)
at org.testng.TestNG.runSuitesLocally(TestNG.java:1137)
at org.testng.TestNG.runSuites(TestNG.java:1049)
at org.testng.TestNG.run(TestNG.java:1017)
at org.testng.remote.AbstractRemoteTestNG.run(AbstractRemoteTestNG.java:114)
at org.testng.remote.RemoteTestNG.initAndRun(RemoteTestNG.java:251)
at org.testng.remote.RemoteTestNG.main(RemoteTestNG.java:77)
]]>
            </full-stacktrace>
          </exception> <!-- java.lang.AssertionError -->
          <reporter-output>
          </reporter-output>
        </test-method> <!-- loginTestDDT -->
        <test-method status="PASS" signature="tearDown()[pri:0, instance:vertex.CD.testcases.LoginPageTest@4667ae56]" name="tearDown" is-config="true" duration-ms="1702" started-at="2022-08-03T09:19:00Z" finished-at="2022-08-03T09:19:02Z">
          <reporter-output>
          </reporter-output>
        </test-method> <!-- tearDown -->
        <test-method status="PASS" signature="setup()[pri:0, instance:vertex.CD.testcases.LoginPageTest@4667ae56]" name="setup" is-config="true" duration-ms="11338" started-at="2022-08-03T09:19:02Z" finished-at="2022-08-03T09:19:13Z">
          <reporter-output>
          </reporter-output>
        </test-method> <!-- setup -->
        <test-method status="PASS" signature="loginTestDDT(java.lang.String, java.lang.String)[pri:1, instance:vertex.CD.testcases.LoginPageTest@4667ae56]" name="loginTestDDT" duration-ms="43735" started-at="2022-08-03T09:19:13Z" data-provider="LoginData" finished-at="2022-08-03T09:19:57Z">
          <params>
            <param index="0">
              <value>
                <![CDATA[kiran.boligarla@vertexcs.com]]>
              </value>
            </param>
            <param index="1">
              <value>
                <![CDATA[Welcome1]]>
              </value>
            </param>
          </params>
          <reporter-output>
          </reporter-output>
        </test-method> <!-- loginTestDDT -->
        <test-method status="PASS" signature="tearDown()[pri:0, instance:vertex.CD.testcases.LoginPageTest@4667ae56]" name="tearDown" is-config="true" duration-ms="2419" started-at="2022-08-03T09:19:57Z" finished-at="2022-08-03T09:19:59Z">
          <reporter-output>
          </reporter-output>
        </test-method> <!-- tearDown -->
      </class> <!-- vertex.CD.testcases.LoginPageTest -->
    </test> <!-- Test -->
  </suite> <!-- Suite -->
</testng-results>
